
*** Running vivado
    with args -log xadc_senseWire.vds -m64 -product Vivado -mode batch -messageDb vivado.pb -notrace -source xadc_senseWire.tcl


****** Vivado v2018.2 (64-bit)
  **** SW Build 2258646 on Thu Jun 14 20:02:38 MDT 2018
  **** IP Build 2256618 on Thu Jun 14 22:10:49 MDT 2018
    ** Copyright 1986-2018 Xilinx, Inc. All Rights Reserved.

source xadc_senseWire.tcl -notrace
Command: synth_design -top xadc_senseWire -part xc7vx485tffg1761-2 -mode out_of_context
Starting synth_design
Attempting to get a license for feature 'Synthesis' and/or device 'xc7vx485t'
INFO: [Common 17-349] Got license for feature 'Synthesis' and/or device 'xc7vx485t'
INFO: Launching helper process for spawning children vivado processes
INFO: Helper process launched with PID 7533 
---------------------------------------------------------------------------------
Starting RTL Elaboration : Time (s): cpu = 00:00:01 ; elapsed = 00:00:02 . Memory (MB): peak = 1475.391 ; gain = 84.000 ; free physical = 161 ; free virtual = 11828
---------------------------------------------------------------------------------
INFO: [Synth 8-638] synthesizing module 'xadc_senseWire' [/home/nate/projects/duneWireTension/vivadoProjects/cores/cores.srcs/sources_1/ip/xadc_senseWire/xadc_senseWire.vhd:80]
INFO: [Synth 8-3491] module 'xadc_senseWire_axi_xadc' declared at '/home/nate/projects/duneWireTension/vivadoProjects/cores/cores.srcs/sources_1/ip/xadc_senseWire/xadc_senseWire_axi_xadc.vhd:93' bound to instance 'U0' of component 'xadc_senseWire_axi_xadc' [/home/nate/projects/duneWireTension/vivadoProjects/cores/cores.srcs/sources_1/ip/xadc_senseWire/xadc_senseWire.vhd:120]
INFO: [Synth 8-638] synthesizing module 'xadc_senseWire_axi_xadc' [/home/nate/projects/duneWireTension/vivadoProjects/cores/cores.srcs/sources_1/ip/xadc_senseWire/xadc_senseWire_axi_xadc.vhd:125]
INFO: [Synth 8-3491] module 'xadc_senseWire_xadc_core_drp' declared at '/home/nate/projects/duneWireTension/vivadoProjects/cores/cores.srcs/sources_1/ip/xadc_senseWire/xadc_senseWire_xadc_core_drp.vhd:114' bound to instance 'AXI_XADC_CORE_I' of component 'xadc_senseWire_xadc_core_drp' [/home/nate/projects/duneWireTension/vivadoProjects/cores/cores.srcs/sources_1/ip/xadc_senseWire/xadc_senseWire_axi_xadc.vhd:164]
INFO: [Synth 8-638] synthesizing module 'xadc_senseWire_xadc_core_drp' [/home/nate/projects/duneWireTension/vivadoProjects/cores/cores.srcs/sources_1/ip/xadc_senseWire/xadc_senseWire_xadc_core_drp.vhd:143]
INFO: [Synth 8-3491] module 'drp_to_axi4stream' declared at '/home/nate/projects/duneWireTension/vivadoProjects/cores/cores.srcs/sources_1/ip/xadc_senseWire/xadc_senseWire_drp_to_axi_stream.vhd:56' bound to instance 'drp_to_axi4stream_inst' of component 'drp_to_axi4stream' [/home/nate/projects/duneWireTension/vivadoProjects/cores/cores.srcs/sources_1/ip/xadc_senseWire/xadc_senseWire_xadc_core_drp.vhd:272]
INFO: [Synth 8-638] synthesizing module 'drp_to_axi4stream' [/home/nate/projects/duneWireTension/vivadoProjects/cores/cores.srcs/sources_1/ip/xadc_senseWire/xadc_senseWire_drp_to_axi_stream.vhd:83]
	Parameter ALMOST_EMPTY_OFFSET bound to: 16'b0000000000000110 
	Parameter ALMOST_FULL_OFFSET bound to: 16'b0000001111111001 
	Parameter DATA_WIDTH bound to: 18 - type: integer 
	Parameter DO_REG bound to: 1 - type: integer 
	Parameter EN_SYN bound to: 0 - type: bool 
	Parameter FIFO_MODE bound to: FIFO18 - type: string 
	Parameter FIRST_WORD_FALL_THROUGH bound to: 1 - type: bool 
	Parameter INIT bound to: 36'b000000000000000000000000000000000000 
	Parameter IS_RDCLK_INVERTED bound to: 1'b0 
	Parameter IS_RDEN_INVERTED bound to: 1'b0 
	Parameter IS_RSTREG_INVERTED bound to: 1'b0 
	Parameter IS_RST_INVERTED bound to: 1'b0 
	Parameter IS_WRCLK_INVERTED bound to: 1'b0 
	Parameter IS_WREN_INVERTED bound to: 1'b0 
	Parameter SIM_DEVICE bound to: 7SERIES - type: string 
	Parameter SRVAL bound to: 36'b000000000000000000000000000000000000 
INFO: [Synth 8-113] binding component instance 'FIFO18E1_inst_data' to cell 'FIFO18E1' [/home/nate/projects/duneWireTension/vivadoProjects/cores/cores.srcs/sources_1/ip/xadc_senseWire/xadc_senseWire_drp_to_axi_stream.vhd:230]
	Parameter ALMOST_EMPTY_OFFSET bound to: 16'b0000000000000110 
	Parameter ALMOST_FULL_OFFSET bound to: 16'b0000001111111001 
	Parameter DATA_WIDTH bound to: 18 - type: integer 
	Parameter DO_REG bound to: 1 - type: integer 
	Parameter EN_SYN bound to: 0 - type: bool 
	Parameter FIFO_MODE bound to: FIFO18 - type: string 
	Parameter FIRST_WORD_FALL_THROUGH bound to: 1 - type: bool 
	Parameter INIT bound to: 36'b000000000000000000000000000000000000 
	Parameter IS_RDCLK_INVERTED bound to: 1'b0 
	Parameter IS_RDEN_INVERTED bound to: 1'b0 
	Parameter IS_RSTREG_INVERTED bound to: 1'b0 
	Parameter IS_RST_INVERTED bound to: 1'b0 
	Parameter IS_WRCLK_INVERTED bound to: 1'b0 
	Parameter IS_WREN_INVERTED bound to: 1'b0 
	Parameter SIM_DEVICE bound to: 7SERIES - type: string 
	Parameter SRVAL bound to: 36'b000000000000000000000000000000000000 
INFO: [Synth 8-113] binding component instance 'FIFO18E1_inst_tid' to cell 'FIFO18E1' [/home/nate/projects/duneWireTension/vivadoProjects/cores/cores.srcs/sources_1/ip/xadc_senseWire/xadc_senseWire_drp_to_axi_stream.vhd:271]
WARNING: [Synth 8-6014] Unused sequential element drp_rdwr_status_reg was removed.  [/home/nate/projects/duneWireTension/vivadoProjects/cores/cores.srcs/sources_1/ip/xadc_senseWire/xadc_senseWire_drp_to_axi_stream.vhd:134]
INFO: [Synth 8-256] done synthesizing module 'drp_to_axi4stream' (1#1) [/home/nate/projects/duneWireTension/vivadoProjects/cores/cores.srcs/sources_1/ip/xadc_senseWire/xadc_senseWire_drp_to_axi_stream.vhd:83]
	Parameter INIT_40 bound to: 16'b0000000000000000 
	Parameter INIT_41 bound to: 16'b0010000110101111 
	Parameter INIT_42 bound to: 16'b0000010000000000 
	Parameter INIT_43 bound to: 16'b0000000000000000 
	Parameter INIT_44 bound to: 16'b0000000000000000 
	Parameter INIT_45 bound to: 16'b0000000000000000 
	Parameter INIT_46 bound to: 16'b0000000000000000 
	Parameter INIT_47 bound to: 16'b0000000000000000 
	Parameter INIT_48 bound to: 16'b0000100000000000 
	Parameter INIT_49 bound to: 16'b0000000100000001 
	Parameter INIT_4A bound to: 16'b0000000000000000 
	Parameter INIT_4B bound to: 16'b0000000000000000 
	Parameter INIT_4C bound to: 16'b0000100000000000 
	Parameter INIT_4D bound to: 16'b0000000100000001 
	Parameter INIT_4E bound to: 16'b0000000000000000 
	Parameter INIT_4F bound to: 16'b0000000000000000 
	Parameter INIT_50 bound to: 16'b1011010111101101 
	Parameter INIT_51 bound to: 16'b0101011111100100 
	Parameter INIT_52 bound to: 16'b1010000101000111 
	Parameter INIT_53 bound to: 16'b1100101000110011 
	Parameter INIT_54 bound to: 16'b1010100100111010 
	Parameter INIT_55 bound to: 16'b0101001011000110 
	Parameter INIT_56 bound to: 16'b1001010101010101 
	Parameter INIT_57 bound to: 16'b1010111001001110 
	Parameter INIT_58 bound to: 16'b0101100110011001 
	Parameter INIT_59 bound to: 16'b0000000000000000 
	Parameter INIT_5A bound to: 16'b0000000000000000 
	Parameter INIT_5B bound to: 16'b0000000000000000 
	Parameter INIT_5C bound to: 16'b0101000100010001 
	Parameter INIT_5D bound to: 16'b0000000000000000 
	Parameter INIT_5E bound to: 16'b0000000000000000 
	Parameter INIT_5F bound to: 16'b0000000000000000 
	Parameter IS_CONVSTCLK_INVERTED bound to: 1'b0 
	Parameter IS_DCLK_INVERTED bound to: 1'b0 
	Parameter SIM_DEVICE bound to: 7SERIES - type: string 
	Parameter SIM_MONITOR_FILE bound to: design.txt - type: string 
INFO: [Synth 8-113] binding component instance 'XADC_INST' to cell 'XADC' [/home/nate/projects/duneWireTension/vivadoProjects/cores/cores.srcs/sources_1/ip/xadc_senseWire/xadc_senseWire_xadc_core_drp.vhd:383]
INFO: [Synth 8-256] done synthesizing module 'xadc_senseWire_xadc_core_drp' (2#1) [/home/nate/projects/duneWireTension/vivadoProjects/cores/cores.srcs/sources_1/ip/xadc_senseWire/xadc_senseWire_xadc_core_drp.vhd:143]
INFO: [Synth 8-256] done synthesizing module 'xadc_senseWire_axi_xadc' (3#1) [/home/nate/projects/duneWireTension/vivadoProjects/cores/cores.srcs/sources_1/ip/xadc_senseWire/xadc_senseWire_axi_xadc.vhd:125]
INFO: [Synth 8-256] done synthesizing module 'xadc_senseWire' (4#1) [/home/nate/projects/duneWireTension/vivadoProjects/cores/cores.srcs/sources_1/ip/xadc_senseWire/xadc_senseWire.vhd:80]
WARNING: [Synth 8-3331] design drp_to_axi4stream has unconnected port eos_in
---------------------------------------------------------------------------------
Finished RTL Elaboration : Time (s): cpu = 00:00:02 ; elapsed = 00:00:02 . Memory (MB): peak = 1520.016 ; gain = 128.625 ; free physical = 189 ; free virtual = 11840
---------------------------------------------------------------------------------

Report Check Netlist: 
+------+------------------+-------+---------+-------+------------------+
|      |Item              |Errors |Warnings |Status |Description       |
+------+------------------+-------+---------+-------+------------------+
|1     |multi_driven_nets |      0|        0|Passed |Multi driven nets |
+------+------------------+-------+---------+-------+------------------+
---------------------------------------------------------------------------------
Start Handling Custom Attributes
---------------------------------------------------------------------------------
---------------------------------------------------------------------------------
Finished Handling Custom Attributes : Time (s): cpu = 00:00:02 ; elapsed = 00:00:03 . Memory (MB): peak = 1520.016 ; gain = 128.625 ; free physical = 188 ; free virtual = 11839
---------------------------------------------------------------------------------
---------------------------------------------------------------------------------
Finished RTL Optimization Phase 1 : Time (s): cpu = 00:00:02 ; elapsed = 00:00:03 . Memory (MB): peak = 1520.016 ; gain = 128.625 ; free physical = 188 ; free virtual = 11839
---------------------------------------------------------------------------------
INFO: [Netlist 29-17] Analyzing 3 Unisim elements for replacement
INFO: [Netlist 29-28] Unisim Transformation completed in 0 CPU seconds
INFO: [Device 21-403] Loading part xc7vx485tffg1761-2
INFO: [Project 1-570] Preparing netlist for logic optimization

Processing XDC Constraints
Initializing timing engine
Parsing XDC File [/home/nate/projects/duneWireTension/vivadoProjects/cores/cores.srcs/sources_1/ip/xadc_senseWire/xadc_senseWire_ooc.xdc] for cell 'U0'
Finished Parsing XDC File [/home/nate/projects/duneWireTension/vivadoProjects/cores/cores.srcs/sources_1/ip/xadc_senseWire/xadc_senseWire_ooc.xdc] for cell 'U0'
Parsing XDC File [/home/nate/projects/duneWireTension/vivadoProjects/cores/cores.srcs/sources_1/ip/xadc_senseWire/xadc_senseWire.xdc] for cell 'U0'
Finished Parsing XDC File [/home/nate/projects/duneWireTension/vivadoProjects/cores/cores.srcs/sources_1/ip/xadc_senseWire/xadc_senseWire.xdc] for cell 'U0'
Parsing XDC File [/home/nate/projects/duneWireTension/vivadoProjects/cores/cores.runs/xadc_senseWire_synth_1/dont_touch.xdc]
Finished Parsing XDC File [/home/nate/projects/duneWireTension/vivadoProjects/cores/cores.runs/xadc_senseWire_synth_1/dont_touch.xdc]
Completed Processing XDC Constraints

INFO: [Project 1-111] Unisim Transformation Summary:
No Unisim elements were transformed.

Constraint Validation Runtime : Time (s): cpu = 00:00:00.01 ; elapsed = 00:00:00.02 . Memory (MB): peak = 1967.422 ; gain = 0.000 ; free physical = 134 ; free virtual = 11448
---------------------------------------------------------------------------------
Finished Constraint Validation : Time (s): cpu = 00:00:23 ; elapsed = 00:01:01 . Memory (MB): peak = 1967.422 ; gain = 576.031 ; free physical = 200 ; free virtual = 11515
---------------------------------------------------------------------------------
---------------------------------------------------------------------------------
Start Loading Part and Timing Information
---------------------------------------------------------------------------------
Loading part: xc7vx485tffg1761-2
---------------------------------------------------------------------------------
Finished Loading Part and Timing Information : Time (s): cpu = 00:00:23 ; elapsed = 00:01:01 . Memory (MB): peak = 1967.422 ; gain = 576.031 ; free physical = 200 ; free virtual = 11515
---------------------------------------------------------------------------------
---------------------------------------------------------------------------------
Start Applying 'set_property' XDC Constraints
---------------------------------------------------------------------------------
Applied set_property DONT_TOUCH = true for U0. (constraint file  /home/nate/projects/duneWireTension/vivadoProjects/cores/cores.runs/xadc_senseWire_synth_1/dont_touch.xdc, line 9).
---------------------------------------------------------------------------------
Finished applying 'set_property' XDC Constraints : Time (s): cpu = 00:00:23 ; elapsed = 00:01:01 . Memory (MB): peak = 1967.422 ; gain = 576.031 ; free physical = 201 ; free virtual = 11515
---------------------------------------------------------------------------------
INFO: [Synth 8-802] inferred FSM for state register 'state_reg' in module 'drp_to_axi4stream'
INFO: [Synth 8-5544] ROM "mode_change_sig_reset" won't be mapped to Block RAM because address size (4) smaller than threshold (5)
INFO: [Synth 8-5544] ROM "den_o" won't be mapped to Block RAM because address size (4) smaller than threshold (5)
INFO: [Synth 8-5544] ROM "channel_id" won't be mapped to Block RAM because address size (4) smaller than threshold (5)
INFO: [Synth 8-5544] ROM "state" won't be mapped to Block RAM because address size (1) smaller than threshold (5)
INFO: [Synth 8-5544] ROM "state" won't be mapped to Block RAM because address size (1) smaller than threshold (5)
INFO: [Synth 8-5544] ROM "state" won't be mapped to Block RAM because address size (1) smaller than threshold (5)
---------------------------------------------------------------------------------------------------
                   State |                     New Encoding |                Previous Encoding 
---------------------------------------------------------------------------------------------------
        wait_mode_change |                             0000 |                             0100
       rd_en_ctrl_reg_41 |                             0001 |                             0000
          rd_ctrl_reg_41 |                             0010 |                             0001
           wait_sim_samp |                             0011 |                             0101
                rd_a_reg |                             0100 |                             0110
            rd_b_reg_cmd |                             0101 |                             0111
                rd_b_reg |                             0110 |                             1000
            wait_ind_adc |                             0111 |                             0011
           wait_seq_s_ch |                             1000 |                             0010
---------------------------------------------------------------------------------------------------
INFO: [Synth 8-3354] encoded FSM with state register 'state_reg' using encoding 'sequential' in module 'drp_to_axi4stream'
---------------------------------------------------------------------------------
Finished RTL Optimization Phase 2 : Time (s): cpu = 00:00:23 ; elapsed = 00:01:01 . Memory (MB): peak = 1967.422 ; gain = 576.031 ; free physical = 210 ; free virtual = 11525
---------------------------------------------------------------------------------

Report RTL Partitions: 
+-+--------------+------------+----------+
| |RTL Partition |Replication |Instances |
+-+--------------+------------+----------+
+-+--------------+------------+----------+
---------------------------------------------------------------------------------
Start RTL Component Statistics 
---------------------------------------------------------------------------------
Detailed RTL Component Info : 
+---Adders : 
	   2 Input      5 Bit       Adders := 1     
+---Registers : 
	                8 Bit    Registers := 1     
	                1 Bit    Registers := 5     
+---Muxes : 
	   9 Input      8 Bit        Muxes := 1     
	   9 Input      4 Bit        Muxes := 1     
	   2 Input      4 Bit        Muxes := 4     
	   2 Input      1 Bit        Muxes := 1     
	   9 Input      1 Bit        Muxes := 10    
---------------------------------------------------------------------------------
Finished RTL Component Statistics 
---------------------------------------------------------------------------------
---------------------------------------------------------------------------------
Start RTL Hierarchical Component Statistics 
---------------------------------------------------------------------------------
Hierarchical RTL Component report 
Module drp_to_axi4stream 
Detailed RTL Component Info : 
+---Adders : 
	   2 Input      5 Bit       Adders := 1     
+---Registers : 
	                8 Bit    Registers := 1     
	                1 Bit    Registers := 5     
+---Muxes : 
	   9 Input      8 Bit        Muxes := 1     
	   9 Input      4 Bit        Muxes := 1     
	   2 Input      4 Bit        Muxes := 4     
	   2 Input      1 Bit        Muxes := 1     
	   9 Input      1 Bit        Muxes := 10    
---------------------------------------------------------------------------------
Finished RTL Hierarchical Component Statistics
---------------------------------------------------------------------------------
---------------------------------------------------------------------------------
Start Part Resource Summary
---------------------------------------------------------------------------------
Part Resources:
DSPs: 2800 (col length:140)
BRAMs: 2060 (col length: RAMB18 140 RAMB36 70)
---------------------------------------------------------------------------------
Finished Part Resource Summary
---------------------------------------------------------------------------------
---------------------------------------------------------------------------------
Start Cross Boundary and Area Optimization
---------------------------------------------------------------------------------
Warning: Parallel synthesis criteria is not met 
WARNING: [Synth 8-6014] Unused sequential element AXI_XADC_CORE_I/drp_to_axi4stream_inst/mode_change_sig_reset_reg was removed.  [/home/nate/projects/duneWireTension/vivadoProjects/cores/cores.srcs/sources_1/ip/xadc_senseWire/xadc_senseWire_drp_to_axi_stream.vhd:133]
WARNING: [Synth 8-6014] Unused sequential element AXI_XADC_CORE_I/drp_to_axi4stream_inst/busy_o_reg was removed.  [/home/nate/projects/duneWireTension/vivadoProjects/cores/cores.srcs/sources_1/ip/xadc_senseWire/xadc_senseWire_drp_to_axi_stream.vhd:131]
INFO: [Synth 8-3886] merging instance 'U0/AXI_XADC_CORE_I/drp_to_axi4stream_inst/dwe_o_reg' (FDCE) to 'U0/AXI_XADC_CORE_I/drp_to_axi4stream_inst/channel_id_reg[5]'
INFO: [Synth 8-3886] merging instance 'U0/AXI_XADC_CORE_I/drp_to_axi4stream_inst/channel_id_reg[5]' (FDCE) to 'U0/AXI_XADC_CORE_I/drp_to_axi4stream_inst/channel_id_reg[7]'
INFO: [Synth 8-3333] propagating constant 0 across sequential element (U0/\AXI_XADC_CORE_I/drp_to_axi4stream_inst/channel_id_reg[7] )
WARNING: [Synth 8-3332] Sequential element (AXI_XADC_CORE_I/drp_to_axi4stream_inst/channel_id_reg[7]) is unused and will be removed from module xadc_senseWire_axi_xadc.
---------------------------------------------------------------------------------
Finished Cross Boundary and Area Optimization : Time (s): cpu = 00:00:23 ; elapsed = 00:01:01 . Memory (MB): peak = 1967.422 ; gain = 576.031 ; free physical = 196 ; free virtual = 11515
---------------------------------------------------------------------------------

Report RTL Partitions: 
+-+--------------+------------+----------+
| |RTL Partition |Replication |Instances |
+-+--------------+------------+----------+
+-+--------------+------------+----------+
---------------------------------------------------------------------------------
Start Applying XDC Timing Constraints
---------------------------------------------------------------------------------
---------------------------------------------------------------------------------
Finished Applying XDC Timing Constraints : Time (s): cpu = 00:00:27 ; elapsed = 00:01:08 . Memory (MB): peak = 1967.422 ; gain = 576.031 ; free physical = 123 ; free virtual = 11389
---------------------------------------------------------------------------------
---------------------------------------------------------------------------------
Start Timing Optimization
---------------------------------------------------------------------------------
---------------------------------------------------------------------------------
Finished Timing Optimization : Time (s): cpu = 00:00:28 ; elapsed = 00:01:08 . Memory (MB): peak = 1967.422 ; gain = 576.031 ; free physical = 145 ; free virtual = 11387
---------------------------------------------------------------------------------

Report RTL Partitions: 
+-+--------------+------------+----------+
| |RTL Partition |Replication |Instances |
+-+--------------+------------+----------+
+-+--------------+------------+----------+
---------------------------------------------------------------------------------
Start Technology Mapping
---------------------------------------------------------------------------------
---------------------------------------------------------------------------------
Finished Technology Mapping : Time (s): cpu = 00:00:28 ; elapsed = 00:01:08 . Memory (MB): peak = 1975.445 ; gain = 584.055 ; free physical = 146 ; free virtual = 11387
---------------------------------------------------------------------------------

Report RTL Partitions: 
+-+--------------+------------+----------+
| |RTL Partition |Replication |Instances |
+-+--------------+------------+----------+
+-+--------------+------------+----------+
---------------------------------------------------------------------------------
Start IO Insertion
---------------------------------------------------------------------------------
---------------------------------------------------------------------------------
Start Flattening Before IO Insertion
---------------------------------------------------------------------------------
---------------------------------------------------------------------------------
Finished Flattening Before IO Insertion
---------------------------------------------------------------------------------
---------------------------------------------------------------------------------
Start Final Netlist Cleanup
---------------------------------------------------------------------------------
---------------------------------------------------------------------------------
Finished Final Netlist Cleanup
---------------------------------------------------------------------------------
---------------------------------------------------------------------------------
Finished IO Insertion : Time (s): cpu = 00:00:28 ; elapsed = 00:01:08 . Memory (MB): peak = 1975.445 ; gain = 584.055 ; free physical = 146 ; free virtual = 11387
---------------------------------------------------------------------------------

Report Check Netlist: 
+------+------------------+-------+---------+-------+------------------+
|      |Item              |Errors |Warnings |Status |Description       |
+------+------------------+-------+---------+-------+------------------+
|1     |multi_driven_nets |      0|        0|Passed |Multi driven nets |
+------+------------------+-------+---------+-------+------------------+
---------------------------------------------------------------------------------
Start Renaming Generated Instances
---------------------------------------------------------------------------------
---------------------------------------------------------------------------------
Finished Renaming Generated Instances : Time (s): cpu = 00:00:28 ; elapsed = 00:01:08 . Memory (MB): peak = 1975.445 ; gain = 584.055 ; free physical = 146 ; free virtual = 11387
---------------------------------------------------------------------------------

Report RTL Partitions: 
+-+--------------+------------+----------+
| |RTL Partition |Replication |Instances |
+-+--------------+------------+----------+
+-+--------------+------------+----------+
---------------------------------------------------------------------------------
Start Rebuilding User Hierarchy
---------------------------------------------------------------------------------
---------------------------------------------------------------------------------
Finished Rebuilding User Hierarchy : Time (s): cpu = 00:00:28 ; elapsed = 00:01:08 . Memory (MB): peak = 1975.445 ; gain = 584.055 ; free physical = 146 ; free virtual = 11387
---------------------------------------------------------------------------------
---------------------------------------------------------------------------------
Start Renaming Generated Ports
---------------------------------------------------------------------------------
---------------------------------------------------------------------------------
Finished Renaming Generated Ports : Time (s): cpu = 00:00:28 ; elapsed = 00:01:08 . Memory (MB): peak = 1975.445 ; gain = 584.055 ; free physical = 146 ; free virtual = 11387
---------------------------------------------------------------------------------
---------------------------------------------------------------------------------
Start Handling Custom Attributes
---------------------------------------------------------------------------------
---------------------------------------------------------------------------------
Finished Handling Custom Attributes : Time (s): cpu = 00:00:28 ; elapsed = 00:01:08 . Memory (MB): peak = 1975.445 ; gain = 584.055 ; free physical = 146 ; free virtual = 11387
---------------------------------------------------------------------------------
---------------------------------------------------------------------------------
Start Renaming Generated Nets
---------------------------------------------------------------------------------
---------------------------------------------------------------------------------
Finished Renaming Generated Nets : Time (s): cpu = 00:00:28 ; elapsed = 00:01:08 . Memory (MB): peak = 1975.445 ; gain = 584.055 ; free physical = 146 ; free virtual = 11387
---------------------------------------------------------------------------------
---------------------------------------------------------------------------------
Start Writing Synthesis Report
---------------------------------------------------------------------------------

Report BlackBoxes: 
+-+--------------+----------+
| |BlackBox name |Instances |
+-+--------------+----------+
+-+--------------+----------+

Report Cell Usage: 
+------+---------+------+
|      |Cell     |Count |
+------+---------+------+
|1     |FIFO18E1 |     2|
|2     |LUT1     |     2|
|3     |LUT2     |     4|
|4     |LUT3     |     2|
|5     |LUT4     |     1|
|6     |LUT5     |     7|
|7     |LUT6     |     5|
|8     |XADC     |     1|
|9     |FDCE     |    12|
+------+---------+------+

Report Instance Areas: 
+------+-----------------------------+-----------------------------+------+
|      |Instance                     |Module                       |Cells |
+------+-----------------------------+-----------------------------+------+
|1     |top                          |                             |    36|
|2     |  U0                         |xadc_senseWire_axi_xadc      |    36|
|3     |    AXI_XADC_CORE_I          |xadc_senseWire_xadc_core_drp |    36|
|4     |      drp_to_axi4stream_inst |drp_to_axi4stream            |    35|
+------+-----------------------------+-----------------------------+------+
---------------------------------------------------------------------------------
Finished Writing Synthesis Report : Time (s): cpu = 00:00:28 ; elapsed = 00:01:08 . Memory (MB): peak = 1975.445 ; gain = 584.055 ; free physical = 146 ; free virtual = 11387
---------------------------------------------------------------------------------
Synthesis finished with 0 errors, 0 critical warnings and 3 warnings.
Synthesis Optimization Runtime : Time (s): cpu = 00:00:09 ; elapsed = 00:00:11 . Memory (MB): peak = 1975.445 ; gain = 136.648 ; free physical = 201 ; free virtual = 11442
Synthesis Optimization Complete : Time (s): cpu = 00:00:28 ; elapsed = 00:01:08 . Memory (MB): peak = 1975.453 ; gain = 584.055 ; free physical = 201 ; free virtual = 11442
INFO: [Project 1-571] Translating synthesized netlist
INFO: [Netlist 29-17] Analyzing 3 Unisim elements for replacement
INFO: [Netlist 29-28] Unisim Transformation completed in 0 CPU seconds
INFO: [Project 1-570] Preparing netlist for logic optimization
INFO: [Opt 31-138] Pushed 0 inverter(s) to 0 load pin(s).
INFO: [Project 1-111] Unisim Transformation Summary:
No Unisim elements were transformed.

INFO: [Common 17-83] Releasing license: Synthesis
38 Infos, 5 Warnings, 0 Critical Warnings and 0 Errors encountered.
synth_design completed successfully
synth_design: Time (s): cpu = 00:00:31 ; elapsed = 00:01:43 . Memory (MB): peak = 2086.914 ; gain = 715.219 ; free physical = 269 ; free virtual = 11429
WARNING: [Constraints 18-5210] No constraint will be written out.
INFO: [Common 17-1381] The checkpoint '/home/nate/projects/duneWireTension/vivadoProjects/cores/cores.runs/xadc_senseWire_synth_1/xadc_senseWire.dcp' has been generated.
